<?xml version="1.0" encoding="UTF-8"?>
<!-- Generated by org.testng.reporters.JUnitReportReporter -->
<testsuite hostname="DESKTOP-T8H87ST" failures="0" tests="1" name="com.crm.contacts.CreatecontactsandVerifyTest" time="41.391" errors="0" timestamp="2022-06-15T09:29:38 IST" skipped="0">
  <testcase classname="com.crm.contacts.CreatecontactsandVerifyTest" name="CreatecontactsandVerifyTest" time="41.391"/>
  <system-out/>
</testsuite> <!-- com.crm.contacts.CreatecontactsandVerifyTest -->
