<?xml version="1.0" encoding="UTF-8"?>
<!-- Generated by org.testng.reporters.JUnitReportReporter -->
<testsuite hostname="DESKTOP-T8H87ST" failures="0" tests="3" name="com.crmTestNg.AnimalTest" time="0.034" errors="0" timestamp="2022-06-15T15:30:09 IST" skipped="0">
  <testcase classname="com.crmTestNg.AnimalTest" name="elephantTest" time="0.004"/>
  <system-out>
    <![CDATA[big]]>
  </system-out>
  <testcase classname="com.crmTestNg.AnimalTest" name="dogTest" time="0.008"/>
  <system-out>
    <![CDATA[medium]]>
  </system-out>
  <testcase classname="com.crmTestNg.AnimalTest" name="ratTest" time="0.022"/>
  <system-out>
    <![CDATA[small]]>
  </system-out>
</testsuite> <!-- com.crmTestNg.AnimalTest -->
