<?xml version="1.0" encoding="UTF-8"?>
<!-- Generated by org.testng.reporters.JUnitReportReporter -->
<testsuite hostname="DESKTOP-T8H87ST" failures="0" tests="1" name="com.com.Organisation.CreateOrganisationUsingContactTest" time="59.311" errors="0" timestamp="2022-06-15T09:24:13 IST" skipped="0">
  <testcase classname="com.com.Organisation.CreateOrganisationUsingContactTest" name="CreateOrganisationUsingContactTest" time="59.311"/>
  <system-out/>
</testsuite> <!-- com.com.Organisation.CreateOrganisationUsingContactTest -->
