<?xml version="1.0" encoding="UTF-8"?>
<!-- Generated by org.testng.reporters.JUnitReportReporter -->
<testsuite hostname="DESKTOP-T8H87ST" failures="0" tests="2" name="com.crmTestNg.practiseTest" time="41.240" errors="0" timestamp="2022-06-15T06:30:35 IST" skipped="0">
  <testcase classname="com.crmTestNg.practiseTest" name="loginPageTest" time="13.867"/>
  <system-out/>
  <testcase classname="com.crmTestNg.practiseTest" name="loginPageTest" time="27.373"/>
  <system-out/>
</testsuite> <!-- com.crmTestNg.practiseTest -->
