<?xml version="1.0" encoding="UTF-8"?>
<!-- Generated by org.testng.reporters.JUnitReportReporter -->
<testsuite hostname="DESKTOP-T8H87ST" failures="0" tests="1" name="com.com.assignment.CreatingOrganisationWIthBillindAddresEnabledOrNotTest" time="57.526" errors="0" timestamp="2022-06-16T11:55:40 IST" skipped="0">
  <testcase classname="com.com.assignment.CreatingOrganisationWIthBillindAddresEnabledOrNotTest" name="CreatingOrganisationWIthBillindAddresEnabledOrNotTest" time="57.526"/>
  <system-out/>
</testsuite> <!-- com.com.assignment.CreatingOrganisationWIthBillindAddresEnabledOrNotTest -->
