<?xml version="1.0" encoding="UTF-8"?>
<!-- Generated by org.testng.reporters.JUnitReportReporter -->
<testsuite hostname="DESKTOP-T8H87ST" failures="0" tests="3" name="com.crmTestNg.DataproviderTest" time="0.046" errors="0" timestamp="2022-06-14T12:41:19 IST" skipped="0">
  <testcase classname="com.crmTestNg.DataproviderTest" name="bookTicketTest" time="0.012"/>
  <system-out/>
  <testcase classname="com.crmTestNg.DataproviderTest" name="bookTicketTest" time="0.006"/>
  <system-out/>
  <testcase classname="com.crmTestNg.DataproviderTest" name="bookTicketTest" time="0.028"/>
  <system-out/>
</testsuite> <!-- com.crmTestNg.DataproviderTest -->
